<?xml version="1.0" encoding="UTF-8"?>
<testsuite xmlns:xsi="http://www.w3.org/2001/XMLSchema-instance" xsi:noNamespaceSchemaLocation="https://maven.apache.org/surefire/maven-surefire-plugin/xsd/surefire-test-report-3.0.xsd" version="3.0" name="com.docker.SpringDockerEc2ApplicationTests" time="6.021" tests="1" errors="0" skipped="0" failures="0">
  <properties>
[...]
</properties>
  <testcase name="contextLoads" classname="com.docker.SpringDockerEc2ApplicationTests" time="1.838">
    <system-out><![CDATA[21:45:42.939 [main] INFO org.springframework.test.context.support.AnnotationConfigContextLoaderUtils -- Could not detect default configuration classes for test class [com.docker.SpringDockerEc2ApplicationTests]: SpringDockerEc2ApplicationTests does not declare any static, non-private, non-final, nested classes annotated with @Configuration.
21:45:43.173 [main] INFO org.springframework.boot.test.context.SpringBootTestContextBootstrapper -- Found @SpringBootConfiguration com.docker.SpringDockerEc2Application for test class com.docker.SpringDockerEc2ApplicationTests
21:45:43.547 [main] INFO org.springframework.boot.devtools.restart.RestartApplicationListener -- Restart disabled due to context in which it is running

  .   ____          _            __ _ _
 /\\ / ___'_ __ _ _(_)_ __  __ _ \ \ \ \
( ( )\___ | '_ | '_| | '_ \/ _` | \ \ \ \
 \\/  ___)| |_)| | | | | || (_| |  ) ) ) )
  '  |____| .__|_| |_|_| |_\__, | / / / /
 =========|_|==============|___/=/_/_/_/
 :: Spring Boot ::                (v3.2.5)

2024-05-15T21:45:44.057+05:30  INFO 16932 --- [spring-docker-ec2] [           main] c.d.SpringDockerEc2ApplicationTests      : Starting SpringDockerEc2ApplicationTests using Java 17.0.7 with PID 16932 (started by 2080772 in C:\Users\2080772\OneDrive - Cognizant\Desktop\git\vcdp-tarin\spring-docker-ec2)
2024-05-15T21:45:44.060+05:30  INFO 16932 --- [spring-docker-ec2] [           main] c.d.SpringDockerEc2ApplicationTests      : No active profile set, falling back to 1 default profile: "default"
2024-05-15T21:45:45.590+05:30  WARN 16932 --- [spring-docker-ec2] [           main] trationDelegate$BeanPostProcessorChecker : Bean 'org.springframework.ws.config.annotation.DelegatingWsConfiguration' of type [org.springframework.ws.config.annotation.DelegatingWsConfiguration$$SpringCGLIB$$0] is not eligible for getting processed by all BeanPostProcessors (for example: not eligible for auto-proxying). The currently created BeanPostProcessor [annotationActionEndpointMapping] is declared through a non-static factory method on that class; consider declaring it as static instead.
2024-05-15T21:45:45.652+05:30  INFO 16932 --- [spring-docker-ec2] [           main] .w.s.a.s.AnnotationActionEndpointMapping : Supporting [WS-Addressing August 2004, WS-Addressing 1.0]
2024-05-15T21:45:46.776+05:30  INFO 16932 --- [spring-docker-ec2] [           main] c.d.SpringDockerEc2ApplicationTests      : Started SpringDockerEc2ApplicationTests in 3.254 seconds (process running for 5.354)
]]></system-out>
  </testcase>
</testsuite>