<?xml version="1.0" encoding="UTF-8"?>
<testsuite xmlns:xsi="http://www.w3.org/2001/XMLSchema-instance" xsi:noNamespaceSchemaLocation="https://maven.apache.org/surefire/maven-surefire-plugin/xsd/surefire-test-report-3.0.xsd" version="3.0" name="com.example.aws.cloud.watch.CloudWatchExampleApplicationTests" time="6.742" tests="1" errors="0" skipped="0" failures="0">
  <properties>
[...]
</properties>
  <testcase name="contextLoads" classname="com.example.aws.cloud.watch.CloudWatchExampleApplicationTests" time="2.062">
    <system-out><![CDATA[11:53:16.875 [main] INFO org.springframework.test.context.support.AnnotationConfigContextLoaderUtils -- Could not detect default configuration classes for test class [com.example.aws.cloud.watch.CloudWatchExampleApplicationTests]: CloudWatchExampleApplicationTests does not declare any static, non-private, non-final, nested classes annotated with @Configuration.
11:53:17.069 [main] INFO org.springframework.boot.test.context.SpringBootTestContextBootstrapper -- Found @SpringBootConfiguration com.example.aws.cloud.watch.CloudWatchExampleApplication for test class com.example.aws.cloud.watch.CloudWatchExampleApplicationTests
11:53:17.448 [main] INFO org.springframework.boot.devtools.restart.RestartApplicationListener -- Restart disabled due to context in which it is running

  .   ____          _            __ _ _
 /\\ / ___'_ __ _ _(_)_ __  __ _ \ \ \ \
( ( )\___ | '_ | '_| | '_ \/ _` | \ \ \ \
 \\/  ___)| |_)| | | | | || (_| |  ) ) ) )
  '  |____| .__|_| |_|_| |_\__, | / / / /
 =========|_|==============|___/=/_/_/_/
 :: Spring Boot ::                (v3.2.4)

2024-06-01T11:53:17.908+05:30  INFO 29296 --- [           main] .a.c.w.CloudWatchExampleApplicationTests : Starting CloudWatchExampleApplicationTests using Java 17.0.7 with PID 29296 (started by 2080772 in C:\Users\2080772\Downloads\aws-integration-with-spring-boot-main\aws-integration-with-spring-boot-main\CloudWatchExample)
2024-06-01T11:53:17.910+05:30  INFO 29296 --- [           main] .a.c.w.CloudWatchExampleApplicationTests : No active profile set, falling back to 1 default profile: "default"
2024-06-01T11:53:21.205+05:30  INFO 29296 --- [           main] .a.c.w.CloudWatchExampleApplicationTests : Started CloudWatchExampleApplicationTests in 3.788 seconds (process running for 5.624)
]]></system-out>
  </testcase>
</testsuite>